2024-03-18 06:54:38,962 - INFO - 运行日期：2024年03月18日06:54:38
2024-03-18 06:54:38,963 - INFO - 已将旧版本的压缩包 4899.zip 移动到 ..\output\history\4899.zip
2024-03-18 06:54:38,963 - INFO - 已将旧版本的压缩包 test54.zip 移动到 ..\output\history\test54.zip
2024-03-18 06:54:38,964 - INFO - 031_香港_四不像.jpg
2024-03-18 06:54:38,964 - INFO - 031_香港_马会传真.jpg
2024-03-18 06:54:38,964 - INFO - 077_图库_台湾_四不像.jpg
2024-03-18 06:54:38,964 - INFO - 077_图库_台湾_跑狗图.jpg
2024-03-18 06:54:38,964 - INFO - 077_图库_台湾_马会传真.jpg
2024-03-18 06:54:38,964 - INFO - 077_图库_新澳门_四不像.jpg
2024-03-18 06:54:38,964 - INFO - 077_图库_新澳门_跑狗图.jpg
2024-03-18 06:54:38,964 - INFO - 077_图库_新澳门_马会传真.jpg
2024-03-18 06:54:38,965 - INFO - 078_新澳门_四不像.jpg
2024-03-18 06:54:38,965 - INFO - 078_新澳门_马会传真.jpg
2024-03-18 06:54:38,965 - INFO - 078_澳门_四不像.jpg
2024-03-18 06:54:38,965 - INFO - 078_澳门_马会传真.jpg
2024-03-18 06:54:38,975 - INFO - 对图片文件进行分类，添加进对应的文件夹
2024-03-18 06:54:38,985 - INFO - 将文件夹进行压缩
2024-03-18 06:54:38,985 - INFO - -------------------------------------------------
2024-03-18 06:54:38,985 - INFO - 保存了..\output\240318-导出.zip与..\output\240318-图库-导出.zip文件
2024-03-18 06:54:38,985 - INFO - -------------------------------------------------
2024-03-18 06:54:38,988 - INFO - 保留压缩文件，删除原始文件夹
2024-03-18 06:54:38,988 - INFO - 运行结束
2024-03-18 06:59:05,495 - INFO - 运行日期：2024年03月18日06:59:05
2024-03-18 06:59:05,496 - INFO - 已将旧版本的压缩包 240318-图库-导出.zip 移动到 ..\output\history\240318-图库-导出.zip
2024-03-18 06:59:05,496 - INFO - 已将旧版本的压缩包 240318-导出.zip 移动到 ..\output\history\240318-导出.zip
2024-03-18 06:59:05,496 - INFO - 没有检测到图片文件。
2024-03-18 06:59:05,497 - INFO - 对图片文件进行分类，添加进对应的文件夹
2024-03-18 06:59:05,498 - INFO - 将文件夹进行压缩
2024-03-18 06:59:05,498 - INFO - -------------------------------------------------
2024-03-18 06:59:05,498 - INFO - 保存了..\output\240318-导出.zip与..\output\240318-图库-导出.zip文件
2024-03-18 06:59:05,498 - INFO - -------------------------------------------------
2024-03-18 06:59:05,499 - INFO - 保留压缩文件，删除原始文件夹
2024-03-18 06:59:05,636 - INFO - 运行结束
2024-03-18 06:59:29,188 - INFO - 运行日期：2024年03月18日06:59:29
2024-03-18 06:59:29,189 - INFO - 已将旧版本的压缩包 240318-图库-导出.zip 移动到 ..\output\history\240318-图库-导出.zip
2024-03-18 06:59:29,189 - INFO - 已将旧版本的压缩包 240318-导出.zip 移动到 ..\output\history\240318-导出.zip
2024-03-18 06:59:29,190 - INFO - 031_香港_四不像.jpg
2024-03-18 06:59:29,190 - INFO - 031_香港_马会传真.jpg
2024-03-18 06:59:29,190 - INFO - 077_图库_台湾_四不像.jpg
2024-03-18 06:59:29,190 - INFO - 077_图库_台湾_跑狗图.jpg
2024-03-18 06:59:29,191 - INFO - 077_图库_台湾_马会传真.jpg
2024-03-18 06:59:29,191 - INFO - 077_图库_新澳门_四不像.jpg
2024-03-18 06:59:29,191 - INFO - 077_图库_新澳门_跑狗图.jpg
2024-03-18 06:59:29,191 - INFO - 077_图库_新澳门_马会传真.jpg
2024-03-18 06:59:29,192 - INFO - 078_新澳门_四不像.jpg
2024-03-18 06:59:29,192 - INFO - 078_新澳门_马会传真.jpg
2024-03-18 06:59:29,192 - INFO - 078_澳门_四不像.jpg
2024-03-18 06:59:29,192 - INFO - 078_澳门_马会传真.jpg
2024-03-18 06:59:29,282 - INFO - 对图片文件进行分类，添加进对应的文件夹
2024-03-18 06:59:29,292 - INFO - 将文件夹进行压缩
2024-03-18 06:59:29,292 - INFO - -------------------------------------------------
2024-03-18 06:59:29,292 - INFO - 保存了..\output\240318-导出.zip与..\output\240318-图库-导出.zip文件
2024-03-18 06:59:29,292 - INFO - -------------------------------------------------
2024-03-18 06:59:29,295 - INFO - 保留压缩文件，删除原始文件夹
2024-03-18 06:59:29,384 - INFO - 运行结束
2024-03-18 07:22:10,316 - INFO - 运行日期：2024年03月18日07:22:10
2024-03-18 07:22:10,317 - INFO - 已将旧版本的压缩包 240318-图库-导出.zip 移动到 ..\output\history\240318-图库-导出.zip
2024-03-18 07:22:10,318 - INFO - 已将旧版本的压缩包 240318-导出.zip 移动到 ..\output\history\240318-导出.zip
2024-03-18 07:22:10,318 - INFO - 031_香港_四不像.jpg
2024-03-18 07:22:10,318 - INFO - 031_香港_马会传真.jpg
2024-03-18 07:22:10,319 - INFO - 077_图库_台湾_四不像.jpg
2024-03-18 07:22:10,319 - INFO - 077_图库_台湾_跑狗图.jpg
2024-03-18 07:22:10,319 - INFO - 077_图库_台湾_马会传真.jpg
2024-03-18 07:22:10,319 - INFO - 077_图库_新澳门_四不像.jpg
2024-03-18 07:22:10,319 - INFO - 077_图库_新澳门_跑狗图.jpg
2024-03-18 07:22:10,319 - INFO - 077_图库_新澳门_马会传真.jpg
2024-03-18 07:22:10,319 - INFO - 078_新澳门_四不像.jpg
2024-03-18 07:22:10,320 - INFO - 078_新澳门_马会传真.jpg
2024-03-18 07:22:10,320 - INFO - 078_澳门_四不像.jpg
2024-03-18 07:22:10,320 - INFO - 078_澳门_马会传真.jpg
2024-03-18 07:22:10,330 - INFO - 对图片文件进行分类，添加进对应的文件夹
2024-03-18 07:22:10,339 - INFO - 将文件夹进行压缩
2024-03-18 07:22:10,339 - INFO - -------------------------------------------------
2024-03-18 07:22:10,340 - INFO - 保存了..\output\240318-导出.zip与..\output\240318-图库-导出.zip文件
2024-03-18 07:22:10,340 - INFO - -------------------------------------------------
2024-03-18 07:22:10,342 - INFO - 保留压缩文件，删除原始文件夹
2024-03-18 07:22:10,430 - INFO - 运行结束
2024-03-18 07:25:23,941 - INFO - 运行日期：2024年03月18日07:25:23
2024-03-18 07:25:23,942 - INFO - 已将旧版本的压缩包 54.zip 移动到 ..\output\history\54.zip
2024-03-18 07:25:23,942 - INFO - 已将旧版本的压缩包 654.zip 移动到 ..\output\history\654.zip
2024-03-18 07:25:23,942 - INFO - 031_香港_四不像.jpg
2024-03-18 07:25:23,942 - INFO - 031_香港_马会传真.jpg
2024-03-18 07:25:23,943 - INFO - 077_图库_台湾_四不像.jpg
2024-03-18 07:25:23,943 - INFO - 077_图库_台湾_跑狗图.jpg
2024-03-18 07:25:23,943 - INFO - 077_图库_台湾_马会传真.jpg
2024-03-18 07:25:23,943 - INFO - 077_图库_新澳门_四不像.jpg
2024-03-18 07:25:23,943 - INFO - 077_图库_新澳门_跑狗图.jpg
2024-03-18 07:25:23,943 - INFO - 077_图库_新澳门_马会传真.jpg
2024-03-18 07:25:23,944 - INFO - 078_新澳门_四不像.jpg
2024-03-18 07:25:23,944 - INFO - 078_新澳门_马会传真.jpg
2024-03-18 07:25:23,944 - INFO - 078_澳门_四不像.jpg
2024-03-18 07:25:23,944 - INFO - 078_澳门_马会传真.jpg
2024-03-18 07:25:23,952 - INFO - 对图片文件进行分类，添加进对应的文件夹
2024-03-18 07:25:23,961 - INFO - 将文件夹进行压缩
2024-03-18 07:25:23,961 - INFO - -------------------------------------------------
2024-03-18 07:25:23,961 - INFO - 保存了..\output\240318-导出.zip与..\output\240318-图库-导出.zip文件
2024-03-18 07:25:23,961 - INFO - -------------------------------------------------
2024-03-18 07:25:23,964 - INFO - 保留压缩文件，删除原始文件夹
2024-03-18 07:25:24,052 - INFO - 运行结束
2024-03-18 07:30:13,574 - INFO - 运行日期：2024年03月18日07:30:13
2024-03-18 07:30:13,575 - INFO - 已将旧版本的压缩包 54.zip 移动到 ..\output\history\54.zip
2024-03-18 07:30:13,575 - INFO - 已将旧版本的压缩包 654.zip 移动到 ..\output\history\654.zip
2024-03-18 07:30:13,575 - INFO - 031_香港_四不像.jpg
2024-03-18 07:30:13,576 - INFO - 031_香港_马会传真.jpg
2024-03-18 07:30:13,576 - INFO - 077_图库_台湾_四不像.jpg
2024-03-18 07:30:13,576 - INFO - 077_图库_台湾_跑狗图.jpg
2024-03-18 07:30:13,576 - INFO - 077_图库_台湾_马会传真.jpg
2024-03-18 07:30:13,576 - INFO - 077_图库_新澳门_四不像.jpg
2024-03-18 07:30:13,577 - INFO - 077_图库_新澳门_跑狗图.jpg
2024-03-18 07:30:13,577 - INFO - 077_图库_新澳门_马会传真.jpg
2024-03-18 07:30:13,577 - INFO - 078_新澳门_四不像.jpg
2024-03-18 07:30:13,577 - INFO - 078_新澳门_马会传真.jpg
2024-03-18 07:30:13,577 - INFO - 078_澳门_四不像.jpg
2024-03-18 07:30:13,577 - INFO - 078_澳门_马会传真.jpg
2024-03-18 07:30:13,593 - INFO - 对图片文件进行分类，添加进对应的文件夹
2024-03-18 07:30:13,605 - INFO - 将文件夹进行压缩
2024-03-18 07:30:13,606 - INFO - -------------------------------------------------
2024-03-18 07:30:13,606 - INFO - 保存了..\output\240318-导出.zip与..\output\240318-图库-导出.zip文件
2024-03-18 07:30:13,606 - INFO - -------------------------------------------------
2024-03-18 07:30:13,608 - INFO - 保留压缩文件，删除原始文件夹
2024-03-18 07:30:13,701 - INFO - 运行结束
2024-03-18 14:50:37,656 - INFO - 运行日期：2024年03月18日14:50:37
2024-03-18 14:50:37,656 - INFO - 没有检测到图片文件。
2024-03-18 14:50:37,657 - INFO - 对图片文件进行分类，添加进对应的文件夹
2024-03-18 14:50:37,658 - INFO - 将文件夹进行压缩
2024-03-18 14:50:37,658 - INFO - -------------------------------------------------
2024-03-18 14:50:37,658 - INFO - 保存了..\output\240318-导出.zip与..\output\240318-图库-导出.zip文件
2024-03-18 14:50:37,658 - INFO - -------------------------------------------------
2024-03-18 14:50:37,658 - INFO - 保留压缩文件，删除原始文件夹
2024-03-18 14:50:37,752 - INFO - 运行结束
2024-03-18 14:53:29,407 - INFO - 运行日期：2024年03月18日14:53:29
2024-03-18 14:53:29,407 - INFO - 078_图库_台湾_四不像.jpg
2024-03-18 14:53:29,408 - INFO - 078_图库_台湾_跑狗图.jpg
2024-03-18 14:53:29,408 - INFO - 078_图库_台湾_马会传真.jpg
2024-03-18 14:53:29,408 - INFO - 078_图库_新澳门_四不像.jpg
2024-03-18 14:53:29,408 - INFO - 078_图库_新澳门_跑狗图.jpg
2024-03-18 14:53:29,408 - INFO - 078_图库_新澳门_马会传真.jpg
2024-03-18 14:53:29,409 - INFO - 079_新澳门_四不像.jpg
2024-03-18 14:53:29,409 - INFO - 079_新澳门_马会传真.jpg
2024-03-18 14:53:29,409 - INFO - 079_澳门_四不像.jpg
2024-03-18 14:53:29,409 - INFO - 079_澳门_马会传真.jpg
2024-03-18 14:53:29,421 - INFO - 对图片文件进行分类，添加进对应的文件夹
2024-03-18 14:53:29,429 - INFO - 将文件夹进行压缩
2024-03-18 14:53:29,429 - INFO - -------------------------------------------------
2024-03-18 14:53:29,429 - INFO - 保存了..\output\240318-导出.zip与..\output\240318-图库-导出.zip文件
2024-03-18 14:53:29,429 - INFO - -------------------------------------------------
2024-03-18 14:53:29,432 - INFO - 保留压缩文件，删除原始文件夹
2024-03-18 14:53:29,535 - INFO - 运行结束
2024-03-18 14:56:19,640 - INFO - 运行日期：2024年03月18日14:56:19
2024-03-18 14:56:19,641 - INFO - 已将旧版本的压缩包 240318-图库-导出.zip 移动到 ..\output\history\240318-图库-导出.zip
2024-03-18 14:56:19,641 - INFO - 已将旧版本的压缩包 240318-导出.zip 移动到 ..\output\history\240318-导出.zip
2024-03-18 14:56:19,642 - INFO - 078_图库_台湾_四不像.jpg
2024-03-18 14:56:19,642 - INFO - 078_图库_台湾_跑狗图.jpg
2024-03-18 14:56:19,642 - INFO - 078_图库_台湾_马会传真.jpg
2024-03-18 14:56:19,642 - INFO - 078_图库_新澳门_四不像.jpg
2024-03-18 14:56:19,642 - INFO - 078_图库_新澳门_跑狗图.jpg
2024-03-18 14:56:19,642 - INFO - 078_图库_新澳门_马会传真.jpg
2024-03-18 14:56:19,642 - INFO - 079_新澳门_四不像.jpg
2024-03-18 14:56:19,643 - INFO - 079_新澳门_马会传真.jpg
2024-03-18 14:56:19,643 - INFO - 079_澳门_四不像.jpg
2024-03-18 14:56:19,643 - INFO - 079_澳门_马会传真.jpg
2024-03-18 14:56:19,650 - INFO - 对图片文件进行分类，添加进对应的文件夹
2024-03-18 14:56:19,661 - INFO - 将文件夹进行压缩
2024-03-18 14:56:19,661 - INFO - -------------------------------------------------
2024-03-18 14:56:19,662 - INFO - 保存了..\output\240318-导出.zip与..\output\240318-图库-导出.zip文件
2024-03-18 14:56:19,662 - INFO - -------------------------------------------------
2024-03-18 14:56:19,664 - INFO - 保留压缩文件，删除原始文件夹
2024-03-18 14:56:19,772 - INFO - 运行结束
